  rc.cpp
c:\users\omossad\desktop\codes\roi-encoder\compressionai\encoder-optimizer\optimizer\encoder\rc.cpp(188): warning C4996: 'fopen': This function or variable may be unsafe. Consider using fopen_s instead. To disable deprecation, use _CRT_SECURE_NO_WARNINGS. See online help for details.
  c:\program files (x86)\windows kits\10\include\10.0.16299.0\ucrt\stdio.h(207): note: see declaration of 'fopen'
c:\users\omossad\desktop\codes\roi-encoder\compressionai\encoder-optimizer\optimizer\encoder\rc.cpp(234): warning C4996: 'sprintf': This function or variable may be unsafe. Consider using sprintf_s instead. To disable deprecation, use _CRT_SECURE_NO_WARNINGS. See online help for details.
  c:\program files (x86)\windows kits\10\include\10.0.16299.0\ucrt\stdio.h(1772): note: see declaration of 'sprintf'
c:\users\omossad\desktop\codes\roi-encoder\compressionai\encoder-optimizer\optimizer\encoder\rc.cpp(305): warning C4244: '=': conversion from 'int' to 'float', possible loss of data
c:\users\omossad\desktop\codes\roi-encoder\compressionai\encoder-optimizer\optimizer\encoder\rc.cpp(317): warning C4244: '=': conversion from 'float' to 'unsigned __int64', possible loss of data
c:\users\omossad\desktop\codes\roi-encoder\compressionai\encoder-optimizer\optimizer\encoder\rc.cpp(326): warning C4244: 'argument': conversion from 'double' to 'size_t', possible loss of data
c:\users\omossad\desktop\codes\roi-encoder\compressionai\encoder-optimizer\optimizer\encoder\rc.cpp(366): warning C4996: 'fopen': This function or variable may be unsafe. Consider using fopen_s instead. To disable deprecation, use _CRT_SECURE_NO_WARNINGS. See online help for details.
  c:\program files (x86)\windows kits\10\include\10.0.16299.0\ucrt\stdio.h(207): note: see declaration of 'fopen'
c:\users\omossad\desktop\codes\roi-encoder\compressionai\encoder-optimizer\optimizer\encoder\rc.cpp(368): warning C4996: 'fopen': This function or variable may be unsafe. Consider using fopen_s instead. To disable deprecation, use _CRT_SECURE_NO_WARNINGS. See online help for details.
  c:\program files (x86)\windows kits\10\include\10.0.16299.0\ucrt\stdio.h(207): note: see declaration of 'fopen'
c:\users\omossad\desktop\codes\roi-encoder\compressionai\encoder-optimizer\optimizer\encoder\rc.cpp(385): warning C4244: '=': conversion from 'double' to 'int', possible loss of data
c:\users\omossad\desktop\codes\roi-encoder\compressionai\encoder-optimizer\optimizer\encoder\rc.cpp(386): warning C4244: '=': conversion from 'double' to 'int', possible loss of data
c:\users\omossad\desktop\codes\roi-encoder\compressionai\encoder-optimizer\optimizer\encoder\rc.cpp(387): warning C4244: '=': conversion from 'double' to 'int', possible loss of data
c:\users\omossad\desktop\codes\roi-encoder\compressionai\encoder-optimizer\optimizer\encoder\rc.cpp(388): warning C4244: '=': conversion from 'double' to 'int', possible loss of data
c:\users\omossad\desktop\codes\roi-encoder\compressionai\encoder-optimizer\optimizer\encoder\rc.cpp(438): warning C4244: 'argument': conversion from 'double' to 'float', possible loss of data
c:\users\omossad\desktop\codes\roi-encoder\compressionai\encoder-optimizer\optimizer\encoder\rc.cpp(444): warning C4244: 'initializing': conversion from 'double' to 'float', possible loss of data
c:\users\omossad\desktop\codes\roi-encoder\compressionai\encoder-optimizer\optimizer\encoder\rc.cpp(451): warning C4244: 'argument': conversion from 'double' to 'float', possible loss of data
c:\users\omossad\desktop\codes\roi-encoder\compressionai\encoder-optimizer\optimizer\encoder\rc.cpp(473): warning C4305: '=': truncation from 'double' to 'float'
c:\users\omossad\desktop\codes\roi-encoder\compressionai\encoder-optimizer\optimizer\encoder\rc.cpp(475): warning C4305: '=': truncation from 'double' to 'float'
c:\users\omossad\desktop\codes\roi-encoder\compressionai\encoder-optimizer\optimizer\encoder\rc.cpp(477): warning C4305: '=': truncation from 'double' to 'float'
c:\users\omossad\desktop\codes\roi-encoder\compressionai\encoder-optimizer\optimizer\encoder\rc.cpp(507): warning C4018: '<': signed/unsigned mismatch
c:\users\omossad\desktop\codes\roi-encoder\compressionai\encoder-optimizer\optimizer\encoder\rc.cpp(508): warning C4018: '<': signed/unsigned mismatch
c:\users\omossad\desktop\codes\roi-encoder\compressionai\encoder-optimizer\optimizer\encoder\rc.cpp(536): warning C4244: 'initializing': conversion from 'double' to 'float', possible loss of data
c:\users\omossad\desktop\codes\roi-encoder\compressionai\encoder-optimizer\optimizer\encoder\rc.cpp(537): warning C4244: '=': conversion from 'double' to 'float', possible loss of data
c:\users\omossad\desktop\codes\roi-encoder\compressionai\encoder-optimizer\optimizer\encoder\rc.cpp(547): warning C4244: 'initializing': conversion from 'double' to 'float', possible loss of data
c:\users\omossad\desktop\codes\roi-encoder\compressionai\encoder-optimizer\optimizer\encoder\rc.cpp(548): warning C4244: '=': conversion from 'double' to 'float', possible loss of data
c:\users\omossad\desktop\codes\roi-encoder\compressionai\encoder-optimizer\optimizer\encoder\rc.cpp(597): warning C4244: 'argument': conversion from 'double' to 'float', possible loss of data
c:\users\omossad\desktop\codes\roi-encoder\compressionai\encoder-optimizer\optimizer\encoder\rc.cpp(620): warning C4244: 'argument': conversion from 'double' to 'float', possible loss of data
c:\users\omossad\desktop\codes\roi-encoder\compressionai\encoder-optimizer\optimizer\encoder\rc.cpp(623): warning C4244: '=': conversion from 'double' to 'float', possible loss of data
c:\users\omossad\desktop\codes\roi-encoder\compressionai\encoder-optimizer\optimizer\encoder\rc.cpp(663): warning C4244: 'argument': conversion from 'float' to 'size_t', possible loss of data
  Encoder.vcxproj -> C:\Users\omossad\Desktop\codes\ROI-Encoder\CompressionAI\Encoder-Optimizer\Optimizer\Debug\Optimizer.exe
