  rc.cpp
c:\users\omossad\desktop\codes\roi-encoder\encoder\encoder\rc.cpp(217): warning C4996: 'fopen': This function or variable may be unsafe. Consider using fopen_s instead. To disable deprecation, use _CRT_SECURE_NO_WARNINGS. See online help for details.
  c:\program files (x86)\windows kits\10\include\10.0.16299.0\ucrt\stdio.h(207): note: see declaration of 'fopen'
c:\users\omossad\desktop\codes\roi-encoder\encoder\encoder\rc.cpp(263): warning C4996: 'sprintf': This function or variable may be unsafe. Consider using sprintf_s instead. To disable deprecation, use _CRT_SECURE_NO_WARNINGS. See online help for details.
  c:\program files (x86)\windows kits\10\include\10.0.16299.0\ucrt\stdio.h(1772): note: see declaration of 'sprintf'
c:\users\omossad\desktop\codes\roi-encoder\encoder\encoder\rc.cpp(327): warning C4101: 'tmpbuf': unreferenced local variable
c:\users\omossad\desktop\codes\roi-encoder\encoder\encoder\rc.cpp(421): warning C4018: '<': signed/unsigned mismatch
c:\users\omossad\desktop\codes\roi-encoder\encoder\encoder\rc.cpp(422): warning C4018: '<': signed/unsigned mismatch
c:\users\omossad\desktop\codes\roi-encoder\encoder\encoder\rc.cpp(457): warning C4244: '=': conversion from 'int' to 'float', possible loss of data
c:\users\omossad\desktop\codes\roi-encoder\encoder\encoder\rc.cpp(476): warning C4244: '=': conversion from 'int' to 'float', possible loss of data
c:\users\omossad\desktop\codes\roi-encoder\encoder\encoder\rc.cpp(487): warning C4244: '=': conversion from 'float' to 'unsigned __int64', possible loss of data
c:\users\omossad\desktop\codes\roi-encoder\encoder\encoder\rc.cpp(496): warning C4244: 'argument': conversion from 'double' to 'size_t', possible loss of data
c:\users\omossad\desktop\codes\roi-encoder\encoder\encoder\rc.cpp(537): warning C4996: 'fopen': This function or variable may be unsafe. Consider using fopen_s instead. To disable deprecation, use _CRT_SECURE_NO_WARNINGS. See online help for details.
  c:\program files (x86)\windows kits\10\include\10.0.16299.0\ucrt\stdio.h(207): note: see declaration of 'fopen'
c:\users\omossad\desktop\codes\roi-encoder\encoder\encoder\rc.cpp(539): warning C4996: 'fopen': This function or variable may be unsafe. Consider using fopen_s instead. To disable deprecation, use _CRT_SECURE_NO_WARNINGS. See online help for details.
  c:\program files (x86)\windows kits\10\include\10.0.16299.0\ucrt\stdio.h(207): note: see declaration of 'fopen'
c:\users\omossad\desktop\codes\roi-encoder\encoder\encoder\rc.cpp(540): warning C4996: 'fopen': This function or variable may be unsafe. Consider using fopen_s instead. To disable deprecation, use _CRT_SECURE_NO_WARNINGS. See online help for details.
  c:\program files (x86)\windows kits\10\include\10.0.16299.0\ucrt\stdio.h(207): note: see declaration of 'fopen'
c:\users\omossad\desktop\codes\roi-encoder\encoder\encoder\rc.cpp(541): warning C4996: 'fopen': This function or variable may be unsafe. Consider using fopen_s instead. To disable deprecation, use _CRT_SECURE_NO_WARNINGS. See online help for details.
  c:\program files (x86)\windows kits\10\include\10.0.16299.0\ucrt\stdio.h(207): note: see declaration of 'fopen'
c:\users\omossad\desktop\codes\roi-encoder\encoder\encoder\rc.cpp(559): warning C4244: '=': conversion from 'double' to 'int', possible loss of data
c:\users\omossad\desktop\codes\roi-encoder\encoder\encoder\rc.cpp(560): warning C4244: '=': conversion from 'double' to 'int', possible loss of data
c:\users\omossad\desktop\codes\roi-encoder\encoder\encoder\rc.cpp(561): warning C4244: '=': conversion from 'double' to 'int', possible loss of data
c:\users\omossad\desktop\codes\roi-encoder\encoder\encoder\rc.cpp(562): warning C4244: '=': conversion from 'double' to 'int', possible loss of data
c:\users\omossad\desktop\codes\roi-encoder\encoder\encoder\rc.cpp(589): warning C4244: 'argument': conversion from 'double' to 'float', possible loss of data
c:\users\omossad\desktop\codes\roi-encoder\encoder\encoder\rc.cpp(595): warning C4244: 'initializing': conversion from 'double' to 'float', possible loss of data
c:\users\omossad\desktop\codes\roi-encoder\encoder\encoder\rc.cpp(602): warning C4244: 'argument': conversion from 'double' to 'float', possible loss of data
c:\users\omossad\desktop\codes\roi-encoder\encoder\encoder\rc.cpp(624): warning C4305: '=': truncation from 'double' to 'float'
c:\users\omossad\desktop\codes\roi-encoder\encoder\encoder\rc.cpp(626): warning C4305: '=': truncation from 'double' to 'float'
c:\users\omossad\desktop\codes\roi-encoder\encoder\encoder\rc.cpp(628): warning C4305: '=': truncation from 'double' to 'float'
c:\users\omossad\desktop\codes\roi-encoder\encoder\encoder\rc.cpp(658): warning C4018: '<': signed/unsigned mismatch
c:\users\omossad\desktop\codes\roi-encoder\encoder\encoder\rc.cpp(659): warning C4018: '<': signed/unsigned mismatch
c:\users\omossad\desktop\codes\roi-encoder\encoder\encoder\rc.cpp(687): warning C4244: 'initializing': conversion from 'double' to 'float', possible loss of data
c:\users\omossad\desktop\codes\roi-encoder\encoder\encoder\rc.cpp(688): warning C4244: '=': conversion from 'double' to 'float', possible loss of data
c:\users\omossad\desktop\codes\roi-encoder\encoder\encoder\rc.cpp(698): warning C4244: 'initializing': conversion from 'double' to 'float', possible loss of data
c:\users\omossad\desktop\codes\roi-encoder\encoder\encoder\rc.cpp(699): warning C4244: '=': conversion from 'double' to 'float', possible loss of data
c:\users\omossad\desktop\codes\roi-encoder\encoder\encoder\rc.cpp(733): warning C4244: 'argument': conversion from 'double' to 'float', possible loss of data
c:\users\omossad\desktop\codes\roi-encoder\encoder\encoder\rc.cpp(734): warning C4244: 'argument': conversion from 'double' to 'float', possible loss of data
c:\users\omossad\desktop\codes\roi-encoder\encoder\encoder\rc.cpp(735): warning C4244: 'argument': conversion from 'double' to 'float', possible loss of data
c:\users\omossad\desktop\codes\roi-encoder\encoder\encoder\rc.cpp(798): warning C4244: 'argument': conversion from 'double' to 'float', possible loss of data
c:\users\omossad\desktop\codes\roi-encoder\encoder\encoder\rc.cpp(823): warning C4244: 'argument': conversion from 'double' to 'float', possible loss of data
c:\users\omossad\desktop\codes\roi-encoder\encoder\encoder\rc.cpp(826): warning C4244: '=': conversion from 'double' to 'float', possible loss of data
c:\users\omossad\desktop\codes\roi-encoder\encoder\encoder\rc.cpp(866): warning C4244: 'argument': conversion from 'float' to 'size_t', possible loss of data
c:\users\omossad\desktop\codes\roi-encoder\encoder\encoder\rc.cpp(868): warning C4244: 'argument': conversion from 'float' to 'long', possible loss of data
c:\users\omossad\desktop\codes\roi-encoder\encoder\encoder\rc.cpp(869): warning C4244: 'argument': conversion from 'float' to 'size_t', possible loss of data
  Encoder.vcxproj -> C:\Users\omossad\Desktop\codes\ROI-Encoder\Encoder\Debug\Encoder.exe
